{"/home/pablo/Área de Trabalho/monitoring-activities-class-28/tests/mocks/generateNumber.js": {"path":"/home/pablo/Área de Trabalho/monitoring-activities-class-28/tests/mocks/generateNumber.js","statementMap":{"0":{"start":{"line":1,"column":33},"end":{"line":5,"column":1}},"1":{"start":{"line":7,"column":31},"end":{"line":12,"column":1}},"2":{"start":{"line":14,"column":19},"end":{"line":14,"column":52}},"3":{"start":{"line":16,"column":0},"end":{"line":20,"column":1}}},"fnMap":{},"branchMap":{},"s":{"0":1,"1":1,"2":1,"3":1},"f":{},"b":{},"_coverageSchema":"43e27e138ebf9cfc5966b082cf9a028302ed4184","hash":"18bc4b4d78af0adbf28da878abb93505fddd3662"}
,"/home/pablo/Área de Trabalho/monitoring-activities-class-28/tests/mocks/techList.js": {"path":"/home/pablo/Área de Trabalho/monitoring-activities-class-28/tests/mocks/techList.js","statementMap":{"0":{"start":{"line":1,"column":13},"end":{"line":1,"column":119}},"1":{"start":{"line":3,"column":16},"end":{"line":48,"column":1}},"2":{"start":{"line":50,"column":13},"end":{"line":50,"column":23}},"3":{"start":{"line":52,"column":0},"end":{"line":56,"column":1}}},"fnMap":{},"branchMap":{},"s":{"0":1,"1":1,"2":1,"3":1},"f":{},"b":{},"_coverageSchema":"43e27e138ebf9cfc5966b082cf9a028302ed4184","hash":"02beaa6023b715beb308da4bec0d5ad9e35de112"}
}
